<?xml version="1.0" encoding="UTF-8"?>
<!-- Generated by org.testng.reporters.JUnitReportReporter -->
<testsuite skipped="0" hostname="DESKTOP-K4A2ESN" name="com.toolsQA.tests.Dreaggablepagetest" tests="1" failures="0" timestamp="2022-09-30T22:59:50 IST" time="0.108" errors="0">
  <testcase name="verifypagetitle" time="0.108" classname="com.toolsQA.tests.Dreaggablepagetest"/>
</testsuite> <!-- com.toolsQA.tests.Dreaggablepagetest -->
