<?xml version="1.0" encoding="UTF-8"?>
<!-- Generated by org.testng.reporters.JUnitReportReporter -->
<testsuite skipped="0" hostname="DESKTOP-K4A2ESN" name="com.toolsQA.basetest.basetest" tests="1" failures="0" timestamp="2022-09-24T12:09:49 IST" time="17.782" errors="0">
  <testcase name="aftertest" time="17.782" classname="com.toolsQA.basetest.basetest"/>
</testsuite> <!-- com.toolsQA.basetest.basetest -->
