<?xml version="1.0" encoding="UTF-8"?>
<!-- Generated by org.testng.reporters.JUnitReportReporter -->
<testsuite skipped="0" hostname="DESKTOP-K4A2ESN" name="com.toolsQA.tests.Buttonspage_Test" tests="4" failures="0" timestamp="2022-10-06T13:35:53 IST" time="2.105" errors="0">
  <testcase name="verfiypagetitle" time="0.065" classname="com.toolsQA.tests.Buttonspage_Test"/>
  <testcase name="verfiybutton2" time="0.574" classname="com.toolsQA.tests.Buttonspage_Test"/>
  <testcase name="verfiybutton1" time="0.879" classname="com.toolsQA.tests.Buttonspage_Test"/>
  <testcase name="verfiybutton3" time="0.587" classname="com.toolsQA.tests.Buttonspage_Test"/>
</testsuite> <!-- com.toolsQA.tests.Buttonspage_Test -->
