<?xml version="1.0" encoding="UTF-8"?>
<!-- Generated by org.testng.reporters.JUnitReportReporter -->
<testsuite skipped="0" hostname="DESKTOP-K4A2ESN" name="com.toolsQA.tests.Alertspageclicktest" tests="1" failures="0" timestamp="2022-10-06T13:36:48 IST" time="0.734" errors="0">
  <testcase name="verifypagetitle" time="0.734" classname="com.toolsQA.tests.Alertspageclicktest"/>
</testsuite> <!-- com.toolsQA.tests.Alertspageclicktest -->
