<?xml version="1.0" encoding="UTF-8"?>
<!-- Generated by org.testng.reporters.JUnitReportReporter -->
<testsuite skipped="0" hostname="DESKTOP-K4A2ESN" name="com.toolsQA.tests.Radiobutton_Test" tests="3" failures="0" timestamp="2022-10-06T13:18:21 IST" time="3.079" errors="0">
  <testcase name="verfiypagetitle" time="0.614" classname="com.toolsQA.tests.Radiobutton_Test"/>
  <testcase name="verfiyyesbutton" time="0.870" classname="com.toolsQA.tests.Radiobutton_Test"/>
  <testcase name="verfiyimpressiverbutton" time="1.595" classname="com.toolsQA.tests.Radiobutton_Test"/>
</testsuite> <!-- com.toolsQA.tests.Radiobutton_Test -->
