<?xml version="1.0" encoding="UTF-8"?>
<!-- Generated by org.testng.reporters.JUnitReportReporter -->
<testsuite skipped="6" hostname="DESKTOP-K4A2ESN" name="com.toolsQA.tests.Menupage_Test" tests="7" failures="0" timestamp="2022-10-06T15:04:56 IST" time="0.002" errors="1">
  <testcase name="beforeclass" time="0.001" classname="com.toolsQA.tests.Menupage_Test">
    <error type="java.lang.NullPointerException">
      <![CDATA[java.lang.NullPointerException
at com.toolsQA.tests.Menupage_Test.beforeclass(Menupage_Test.java:18)
at sun.reflect.NativeMethodAccessorImpl.invoke0(Native Method)
at sun.reflect.NativeMethodAccessorImpl.invoke(NativeMethodAccessorImpl.java:62)
at sun.reflect.DelegatingMethodAccessorImpl.invoke(DelegatingMethodAccessorImpl.java:43)
at java.lang.reflect.Method.invoke(Method.java:498)
at org.testng.internal.MethodInvocationHelper.invokeMethod(MethodInvocationHelper.java:133)
at org.testng.internal.MethodInvocationHelper.invokeMethodConsideringTimeout(MethodInvocationHelper.java:62)
at org.testng.internal.ConfigInvoker.invokeConfigurationMethod(ConfigInvoker.java:340)
at org.testng.internal.ConfigInvoker.invokeConfigurations(ConfigInvoker.java:294)
at org.testng.internal.TestMethodWorker.invokeBeforeClassMethods(TestMethodWorker.java:176)
at org.testng.internal.TestMethodWorker.run(TestMethodWorker.java:122)
at java.util.ArrayList.forEach(ArrayList.java:1259)
at org.testng.TestRunner.privateRun(TestRunner.java:770)
at org.testng.TestRunner.run(TestRunner.java:591)
at org.testng.SuiteRunner.runTest(SuiteRunner.java:402)
at org.testng.SuiteRunner.access$000(SuiteRunner.java:41)
at org.testng.SuiteRunner$SuiteWorker.run(SuiteRunner.java:443)
at org.testng.internal.thread.ThreadUtil.lambda$execute$0(ThreadUtil.java:67)
at java.util.concurrent.FutureTask.run(FutureTask.java:266)
at java.util.concurrent.ThreadPoolExecutor.runWorker(ThreadPoolExecutor.java:1149)
at java.util.concurrent.ThreadPoolExecutor$Worker.run(ThreadPoolExecutor.java:624)
at java.lang.Thread.run(Thread.java:750)
]]>
    </error>
  </testcase> <!-- beforeclass -->
  <testcase name="verifypagetitle" time="0.000" classname="com.toolsQA.tests.Menupage_Test">
    <skipped/>
  </testcase> <!-- verifypagetitle -->
  <testcase name="Verifymainitems1" time="0.000" classname="com.toolsQA.tests.Menupage_Test">
    <skipped/>
  </testcase> <!-- Verifymainitems1 -->
  <testcase name="Verifymainitems3" time="0.000" classname="com.toolsQA.tests.Menupage_Test">
    <skipped/>
  </testcase> <!-- Verifymainitems3 -->
  <testcase name="Verifymainitems2" time="0.001" classname="com.toolsQA.tests.Menupage_Test">
    <skipped/>
  </testcase> <!-- Verifymainitems2 -->
  <testcase name="Verifymenuitems2" time="0.000" classname="com.toolsQA.tests.Menupage_Test">
    <skipped/>
  </testcase> <!-- Verifymenuitems2 -->
  <testcase name="Verifymenuitems1" time="0.000" classname="com.toolsQA.tests.Menupage_Test">
    <skipped/>
  </testcase> <!-- Verifymenuitems1 -->
</testsuite> <!-- com.toolsQA.tests.Menupage_Test -->
