<?xml version="1.0" encoding="UTF-8"?>
<!-- Generated by org.testng.reporters.JUnitReportReporter -->
<testsuite skipped="0" hostname="DESKTOP-K4A2ESN" name="com.toolsQA.tests.Progressbarpage_Test" tests="2" failures="0" timestamp="2022-10-06T15:12:22 IST" time="8.002" errors="0">
  <testcase name="verifyProgressBar" time="7.947" classname="com.toolsQA.tests.Progressbarpage_Test"/>
  <testcase name="verifypagetitle" time="0.055" classname="com.toolsQA.tests.Progressbarpage_Test"/>
</testsuite> <!-- com.toolsQA.tests.Progressbarpage_Test -->
