<?xml version="1.0" encoding="UTF-8"?>
<!-- Generated by org.testng.reporters.JUnitReportReporter -->
<testsuite skipped="0" hostname="DESKTOP-K4A2ESN" name="com.toolsQA.tests.Selectablepagetest" tests="5" failures="0" timestamp="2022-10-06T13:11:31 IST" time="4.849" errors="0">
  <testcase name="verifypagetitle" time="1.634" classname="com.toolsQA.tests.Selectablepagetest"/>
  <testcase name="firstnameselected" time="1.725" classname="com.toolsQA.tests.Selectablepagetest"/>
  <testcase name="secondnameselected" time="0.607" classname="com.toolsQA.tests.Selectablepagetest"/>
  <testcase name="thirdnameselected" time="0.473" classname="com.toolsQA.tests.Selectablepagetest"/>
  <testcase name="fourthnameselected" time="0.410" classname="com.toolsQA.tests.Selectablepagetest"/>
</testsuite> <!-- com.toolsQA.tests.Selectablepagetest -->
