<?xml version="1.0" encoding="UTF-8"?>
<!-- Generated by org.testng.reporters.JUnitReportReporter -->
<testsuite skipped="0" hostname="DESKTOP-K4A2ESN" name="com.toolsQA.tests.Interactionspagetest" tests="1" failures="0" timestamp="2022-10-06T13:24:48 IST" time="0.979" errors="0">
  <testcase name="intractionpagetitle" time="0.979" classname="com.toolsQA.tests.Interactionspagetest"/>
</testsuite> <!-- com.toolsQA.tests.Interactionspagetest -->
