<?xml version="1.0" encoding="UTF-8"?>
<!-- Generated by org.testng.reporters.JUnitReportReporter -->
<testsuite skipped="0" hostname="DESKTOP-K4A2ESN" name="com.toolsQA.tests.TextBoxPageTest" tests="4" failures="0" timestamp="2022-10-06T12:55:26 IST" time="5.651" errors="0">
  <testcase name="verifyemail" time="0.494" classname="com.toolsQA.tests.TextBoxPageTest"/>
  <testcase name="verifycurrentaddress" time="2.029" classname="com.toolsQA.tests.TextBoxPageTest"/>
  <testcase name="verifyFullName" time="2.217" classname="com.toolsQA.tests.TextBoxPageTest"/>
  <testcase name="verifypermenentaddress" time="0.911" classname="com.toolsQA.tests.TextBoxPageTest"/>
</testsuite> <!-- com.toolsQA.tests.TextBoxPageTest -->
