<?xml version="1.0" encoding="UTF-8"?>
<!-- Generated by org.testng.reporters.JUnitReportReporter -->
<testsuite skipped="0" hostname="DESKTOP-K4A2ESN" name="com.toolsQA.tests.Formpagetest" tests="1" failures="0" timestamp="2022-09-28T12:27:47 IST" time="0.178" errors="0">
  <testcase name="studentregestrationform" time="0.178" classname="com.toolsQA.tests.Formpagetest"/>
</testsuite> <!-- com.toolsQA.tests.Formpagetest -->
