<?xml version="1.0" encoding="UTF-8"?>
<!-- Generated by org.testng.reporters.JUnitReportReporter -->
<testsuite skipped="0" hostname="DESKTOP-K4A2ESN" name="com.toolsQA.tests.Sortablepagetest" tests="1" failures="0" timestamp="2022-10-06T13:08:21 IST" time="1.305" errors="0">
  <testcase name="verifypagetitle" time="1.305" classname="com.toolsQA.tests.Sortablepagetest"/>
</testsuite> <!-- com.toolsQA.tests.Sortablepagetest -->
