<?xml version="1.0" encoding="UTF-8"?>
<!-- Generated by org.testng.reporters.JUnitReportReporter -->
<testsuite skipped="0" hostname="DESKTOP-K4A2ESN" name="com.toolsQA.tests.Droppablepagetest" tests="4" failures="0" timestamp="2022-10-06T13:32:33 IST" time="12.660" errors="0">
  <testcase name="verifypagetitle" time="0.091" classname="com.toolsQA.tests.Droppablepagetest"/>
  <testcase name="verifyAccepatbleDragDrop" time="2.312" classname="com.toolsQA.tests.Droppablepagetest"/>
  <testcase name="verifyDragDrop" time="9.561" classname="com.toolsQA.tests.Droppablepagetest"/>
  <testcase name="verifyNotAccepatbleDragDrop" time="0.696" classname="com.toolsQA.tests.Droppablepagetest"/>
</testsuite> <!-- com.toolsQA.tests.Droppablepagetest -->
