<?xml version="1.0" encoding="UTF-8"?>
<!-- Generated by org.testng.reporters.JUnitReportReporter -->
<testsuite skipped="0" hostname="DESKTOP-K4A2ESN" name="com.toolsQA.tests.Homepagetest" tests="7" failures="0" timestamp="2022-10-06T13:25:41 IST" time="0.649" errors="0">
  <testcase name="getbooktobepresent" time="0.090" classname="com.toolsQA.tests.Homepagetest"/>
  <testcase name="getwidgetstobepresent" time="0.088" classname="com.toolsQA.tests.Homepagetest"/>
  <testcase name="elementtobepresenttest" time="0.171" classname="com.toolsQA.tests.Homepagetest"/>
  <testcase name="getformstobepresent" time="0.090" classname="com.toolsQA.tests.Homepagetest"/>
  <testcase name="pagetitletest" time="0.014" classname="com.toolsQA.tests.Homepagetest"/>
  <testcase name="getalertstobepresent" time="0.066" classname="com.toolsQA.tests.Homepagetest"/>
  <testcase name="getintrectionstobepresent" time="0.130" classname="com.toolsQA.tests.Homepagetest"/>
</testsuite> <!-- com.toolsQA.tests.Homepagetest -->
